{"numTotalTestSuites":7,"numPassedTestSuites":7,"numFailedTestSuites":0,"numPendingTestSuites":0,"numTotalTests":70,"numPassedTests":70,"numFailedTests":0,"numPendingTests":0,"numTodoTests":0,"snapshot":{"added":0,"failure":false,"filesAdded":0,"filesRemoved":0,"filesRemovedList":[],"filesUnmatched":0,"filesUpdated":0,"matched":0,"total":0,"unchecked":0,"uncheckedKeysByFile":[],"unmatched":0,"updated":0,"didUpdate":false},"startTime":1789276661199,"success":true,"testResults":[{"assertionResults":[{"ancestorTitles":["venda e matematica"],"fullName":"venda e matematica MAT preço 0.01","status":"passed","title":"MAT preço 0.01","duration":59.7838999999999,"failureMessages":[],"meta":{},"tags":[],"benchmarks":[]},{"ancestorTitles":["venda e matematica"],"fullName":"venda e matematica MAT preço 0.1","status":"passed","title":"MAT preço 0.1","duration":5.24980000000005,"failureMessages":[],"meta":{},"tags":[],"benchmarks":[]},{"ancestorTitles":["venda e matematica"],"fullName":"venda e matematica MAT preço 0.99","status":"passed","title":"MAT preço 0.99","duration":6.419199999999819,"failureMessages":[],"meta":{},"tags":[],"benchmarks":[]},{"ancestorTitles":["venda e matematica"],"fullName":"venda e matematica MAT preço 1.99","status":"passed","title":"MAT preço 1.99","duration":6.184099999999944,"failureMessages":[],"meta":{},"tags":[],"benchmarks":[]},{"ancestorTitles":["venda e matematica"],"fullName":"venda e matematica MAT preço 10.5","status":"passed","title":"MAT preço 10.5","duration":5.527700000000095,"failureMessages":[],"meta":{},"tags":[],"benchmarks":[]},{"ancestorTitles":["venda e matematica"],"fullName":"venda e matematica MAT preço 99.99","status":"passed","title":"MAT preço 99.99","duration":3.844000000000051,"failureMessages":[],"meta":{},"tags":[],"benchmarks":[]},{"ancestorTitles":["venda e matematica"],"fullName":"venda e matematica MAT preço 999.99","status":"passed","title":"MAT preço 999.99","duration":3.5854999999996835,"failureMessages":[],"meta":{},"tags":[],"benchmarks":[]},{"ancestorTitles":["venda e matematica"],"fullName":"venda e matematica MAT 3 x 3,33 = 9,99","status":"passed","title":"MAT 3 x 3,33 = 9,99","duration":4.348899999999958,"failureMessages":[],"meta":{},"tags":[],"benchmarks":[]},{"ancestorTitles":["venda e matematica"],"fullName":"venda e matematica MAT 0,10 + 0,20 = 0,30 sem saldo residual","status":"passed","title":"MAT 0,10 + 0,20 = 0,30 sem saldo residual","duration":5.075200000000223,"failureMessages":[],"meta":{},"tags":[],"benchmarks":[]},{"ancestorTitles":["venda e matematica"],"fullName":"venda e matematica MAT desconto 0.2","status":"passed","title":"MAT desconto 0.2","duration":4.0479999999997744,"failureMessages":[],"meta":{},"tags":[],"benchmarks":[]},{"ancestorTitles":["venda e matematica"],"fullName":"venda e matematica MAT desconto 10","status":"passed","title":"MAT desconto 10","duration":3.4086999999999534,"failureMessages":[],"meta":{},"tags":[],"benchmarks":[]},{"ancestorTitles":["venda e matematica"],"fullName":"venda e matematica MAT desconto 20","status":"passed","title":"MAT desconto 20","duration":3.725600000000213,"failureMessages":[],"meta":{},"tags":[],"benchmarks":[]},{"ancestorTitles":["venda e matematica"],"fullName":"venda e matematica MAT acrescimo serviço e entrega","status":"passed","title":"MAT acrescimo serviço e entrega","duration":3.1796000000003914,"failureMessages":[],"meta":{},"tags":[],"benchmarks":[]},{"ancestorTitles":["venda e matematica"],"fullName":"venda e matematica VEN pedido vazio deve ser rejeitado","status":"passed","title":"VEN pedido vazio deve ser rejeitado","duration":8.751099999999951,"failureMessages":[],"meta":{},"tags":[],"benchmarks":[]},{"ancestorTitles":["venda e matematica"],"fullName":"venda e matematica VEN quantidade inválida -1","status":"passed","title":"VEN quantidade inválida -1","duration":3.1572000000001026,"failureMessages":[],"meta":{},"tags":[],"benchmarks":[]},{"ancestorTitles":["venda e matematica"],"fullName":"venda e matematica VEN quantidade inválida 0","status":"passed","title":"VEN quantidade inválida 0","duration":3.367999999999938,"failureMessages":[],"meta":{},"tags":[],"benchmarks":[]},{"ancestorTitles":["venda e matematica"],"fullName":"venda e matematica VEN quantidade inválida NaN","status":"passed","title":"VEN quantidade inválida NaN","duration":3.1204999999999927,"failureMessages":[],"meta":{},"tags":[],"benchmarks":[]},{"ancestorTitles":["venda e matematica"],"fullName":"venda e matematica VEN quantidade inválida Infinity","status":"passed","title":"VEN quantidade inválida Infinity","duration":3.19399999999996,"failureMessages":[],"meta":{},"tags":[],"benchmarks":[]},{"ancestorTitles":["venda e matematica"],"fullName":"venda e matematica VEN desconto acima do subtotal deve ser rejeitado","status":"passed","title":"VEN desconto acima do subtotal deve ser rejeitado","duration":3.1309000000001106,"failureMessages":[],"meta":{},"tags":[],"benchmarks":[]},{"ancestorTitles":["venda e matematica"],"fullName":"venda e matematica PRO preço do carrinho preservado após alteração","status":"passed","title":"PRO preço do carrinho preservado após alteração","duration":4.582000000000335,"failureMessages":[],"meta":{},"tags":[],"benchmarks":[]},{"ancestorTitles":["venda e matematica"],"fullName":"venda e matematica PRO excluir produto preserva histórico","status":"passed","title":"PRO excluir produto preserva histórico","duration":4.494499999999789,"failureMessages":[],"meta":{},"tags":[],"benchmarks":[]},{"ancestorTitles":["venda e matematica"],"fullName":"venda e matematica PRO preço inválido -1 rejeitado","status":"passed","title":"PRO preço inválido -1 rejeitado","duration":2.7422999999998865,"failureMessages":[],"meta":{},"tags":[],"benchmarks":[]},{"ancestorTitles":["venda e matematica"],"fullName":"venda e matematica PRO preço inválido NaN rejeitado","status":"passed","title":"PRO preço inválido NaN rejeitado","duration":13.328899999999976,"failureMessages":[],"meta":{},"tags":[],"benchmarks":[]},{"ancestorTitles":["venda e matematica"],"fullName":"venda e matematica PRO preço inválido Infinity rejeitado","status":"passed","title":"PRO preço inválido Infinity rejeitado","duration":3.233400000000074,"failureMessages":[],"meta":{},"tags":[],"benchmarks":[]},{"ancestorTitles":["venda e matematica"],"fullName":"venda e matematica PER usuário sem permissão não exclui produto","status":"passed","title":"PER usuário sem permissão não exclui produto","duration":4.697999999999865,"failureMessages":[],"meta":{},"tags":[],"benchmarks":[]},{"ancestorTitles":["venda e matematica"],"fullName":"venda e matematica LAN adicionais pagos e gratuitos","status":"passed","title":"LAN adicionais pagos e gratuitos","duration":4.156399999999849,"failureMessages":[],"meta":{},"tags":[],"benchmarks":[]},{"ancestorTitles":["venda e matematica"],"fullName":"venda e matematica LAN remover item preserva valor de adicionais restantes","status":"passed","title":"LAN remover item preserva valor de adicionais restantes","duration":5.297499999999673,"failureMessages":[],"meta":{},"tags":[],"benchmarks":[]},{"ancestorTitles":["venda e matematica"],"fullName":"venda e matematica SEG observação longa com emojis preservada","status":"passed","title":"SEG observação longa com emojis preservada","duration":4.185500000000047,"failureMessages":[],"meta":{},"tags":[],"benchmarks":[]},{"ancestorTitles":["pagamento e caixa"],"fullName":"pagamento e caixa PAG método dinheiro","status":"passed","title":"PAG método dinheiro","duration":5.263899999999921,"failureMessages":[],"meta":{},"tags":[],"benchmarks":[]},{"ancestorTitles":["pagamento e caixa"],"fullName":"pagamento e caixa PAG método pix","status":"passed","title":"PAG método pix","duration":4.7280000000000655,"failureMessages":[],"meta":{},"tags":[],"benchmarks":[]},{"ancestorTitles":["pagamento e caixa"],"fullName":"pagamento e caixa PAG método debito","status":"passed","title":"PAG método debito","duration":5.034400000000005,"failureMessages":[],"meta":{},"tags":[],"benchmarks":[]},{"ancestorTitles":["pagamento e caixa"],"fullName":"pagamento e caixa PAG método credito","status":"passed","title":"PAG método credito","duration":4.4978000000000975,"failureMessages":[],"meta":{},"tags":[],"benchmarks":[]},{"ancestorTitles":["pagamento e caixa"],"fullName":"pagamento e caixa PAG dividido e parcial","status":"passed","title":"PAG dividido e parcial","duration":9.886399999999867,"failureMessages":[],"meta":{},"tags":[],"benchmarks":[]},{"ancestorTitles":["pagamento e caixa"],"fullName":"pagamento e caixa PAG troco 150 para 100 registra receita 100","status":"passed","title":"PAG troco 150 para 100 registra receita 100","duration":5.7534999999998035,"failureMessages":[],"meta":{},"tags":[],"benchmarks":[]},{"ancestorTitles":["pagamento e caixa"],"fullName":"pagamento e caixa PAG valor inválido ou superior ao saldo -1","status":"passed","title":"PAG valor inválido ou superior ao saldo -1","duration":3.748500000000149,"failureMessages":[],"meta":{},"tags":[],"benchmarks":[]},{"ancestorTitles":["pagamento e caixa"],"fullName":"pagamento e caixa PAG valor inválido ou superior ao saldo 0","status":"passed","title":"PAG valor inválido ou superior ao saldo 0","duration":3.9481000000000677,"failureMessages":[],"meta":{},"tags":[],"benchmarks":[]},{"ancestorTitles":["pagamento e caixa"],"fullName":"pagamento e caixa PAG valor inválido ou superior ao saldo NaN","status":"passed","title":"PAG valor inválido ou superior ao saldo NaN","duration":4.300100000000384,"failureMessages":[],"meta":{},"tags":[],"benchmarks":[]},{"ancestorTitles":["pagamento e caixa"],"fullName":"pagamento e caixa PAG valor inválido ou superior ao saldo Infinity","status":"passed","title":"PAG valor inválido ou superior ao saldo Infinity","duration":3.8364999999998872,"failureMessages":[],"meta":{},"tags":[],"benchmarks":[]},{"ancestorTitles":["pagamento e caixa"],"fullName":"pagamento e caixa PAG valor inválido ou superior ao saldo 21","status":"passed","title":"PAG valor inválido ou superior ao saldo 21","duration":3.3629000000000815,"failureMessages":[],"meta":{},"tags":[],"benchmarks":[]},{"ancestorTitles":["pagamento e caixa"],"fullName":"pagamento e caixa PAG dinheiro recebido insuficiente","status":"passed","title":"PAG dinheiro recebido insuficiente","duration":3.9749000000001615,"failureMessages":[],"meta":{},"tags":[],"benchmarks":[]},{"ancestorTitles":["pagamento e caixa"],"fullName":"pagamento e caixa PAG pedido inexistente não movimenta caixa","status":"passed","title":"PAG pedido inexistente não movimenta caixa","duration":2.0756000000001222,"failureMessages":[],"meta":{},"tags":[],"benchmarks":[]},{"ancestorTitles":["pagamento e caixa"],"fullName":"pagamento e caixa PAG pedido cancelado não recebe pagamento","status":"passed","title":"PAG pedido cancelado não recebe pagamento","duration":5.867500000000291,"failureMessages":[],"meta":{},"tags":[],"benchmarks":[]},{"ancestorTitles":["pagamento e caixa"],"fullName":"pagamento e caixa CHAOS pagamento repetido 10 vezes","status":"passed","title":"CHAOS pagamento repetido 10 vezes","duration":5.414999999999964,"failureMessages":[],"meta":{},"tags":[],"benchmarks":[]},{"ancestorTitles":["pagamento e caixa"],"fullName":"pagamento e caixa PAG estorno único devolve caixa","status":"passed","title":"PAG estorno único devolve caixa","duration":7.058399999999892,"failureMessages":[],"meta":{},"tags":[],"benchmarks":[]},{"ancestorTitles":["pagamento e caixa"],"fullName":"pagamento e caixa CHAOS estorno repetido não retira dinheiro duas vezes","status":"passed","title":"CHAOS estorno repetido não retira dinheiro duas vezes","duration":6.21349999999984,"failureMessages":[],"meta":{},"tags":[],"benchmarks":[]},{"ancestorTitles":["pagamento e caixa"],"fullName":"pagamento e caixa CAI caixa fechado rejeita recebimento","status":"passed","title":"CAI caixa fechado rejeita recebimento","duration":6.274200000000292,"failureMessages":[],"meta":{},"tags":[],"benchmarks":[]},{"ancestorTitles":["pagamento e caixa"],"fullName":"pagamento e caixa CAI suprimento e sangria","status":"passed","title":"CAI suprimento e sangria","duration":5.160800000000108,"failureMessages":[],"meta":{},"tags":[],"benchmarks":[]},{"ancestorTitles":["pagamento e caixa"],"fullName":"pagamento e caixa CAI sangria negativa rejeitada","status":"passed","title":"CAI sangria negativa rejeitada","duration":4.5603000000000975,"failureMessages":[],"meta":{},"tags":[],"benchmarks":[]},{"ancestorTitles":["pagamento e caixa"],"fullName":"pagamento e caixa CAI reabrir caixa aberto não apaga movimentações","status":"passed","title":"CAI reabrir caixa aberto não apaga movimentações","duration":5.353500000000167,"failureMessages":[],"meta":{},"tags":[],"benchmarks":[]},{"ancestorTitles":["estoque mesas cozinha recuperacao e estresse"],"fullName":"estoque mesas cozinha recuperacao e estresse EST venda baixa ficha técnica","status":"passed","title":"EST venda baixa ficha técnica","duration":4.119599999999991,"failureMessages":[],"meta":{},"tags":[],"benchmarks":[]},{"ancestorTitles":["estoque mesas cozinha recuperacao e estresse"],"fullName":"estoque mesas cozinha recuperacao e estresse EST cancelamento antes de preparo devolve estoque","status":"passed","title":"EST cancelamento antes de preparo devolve estoque","duration":6.1884000000000015,"failureMessages":[],"meta":{},"tags":[],"benchmarks":[]},{"ancestorTitles":["estoque mesas cozinha recuperacao e estresse"],"fullName":"estoque mesas cozinha recuperacao e estresse EST mesa primeira inclusão baixa apenas uma vez","status":"passed","title":"EST mesa primeira inclusão baixa apenas uma vez","duration":5.692800000000261,"failureMessages":[],"meta":{},"tags":[],"benchmarks":[]},{"ancestorTitles":["estoque mesas cozinha recuperacao e estresse"],"fullName":"estoque mesas cozinha recuperacao e estresse ATAQUE concorrencia última unidade aceita uma venda","status":"passed","title":"ATAQUE concorrencia última unidade aceita uma venda","duration":5.9891999999999825,"failureMessages":[],"meta":{},"tags":[],"benchmarks":[]},{"ancestorTitles":["estoque mesas cozinha recuperacao e estresse"],"fullName":"estoque mesas cozinha recuperacao e estresse ATAQUE estoque entradas simultâneas não perdem atualização","status":"passed","title":"ATAQUE estoque entradas simultâneas não perdem atualização","duration":3.544600000000173,"failureMessages":[],"meta":{},"tags":[],"benchmarks":[]},{"ancestorTitles":["estoque mesas cozinha recuperacao e estresse"],"fullName":"estoque mesas cozinha recuperacao e estresse MES reabrir mesa ocupada preserva valor","status":"passed","title":"MES reabrir mesa ocupada preserva valor","duration":5.0219999999999345,"failureMessages":[],"meta":{},"tags":[],"benchmarks":[]},{"ancestorTitles":["estoque mesas cozinha recuperacao e estresse"],"fullName":"estoque mesas cozinha recuperacao e estresse MES transferência para mesa livre preserva pedido","status":"passed","title":"MES transferência para mesa livre preserva pedido","duration":4.6098000000001775,"failureMessages":[],"meta":{},"tags":[],"benchmarks":[]},{"ancestorTitles":["estoque mesas cozinha recuperacao e estresse"],"fullName":"estoque mesas cozinha recuperacao e estresse COZ pedido cria fila de impressão","status":"passed","title":"COZ pedido cria fila de impressão","duration":2.883100000000013,"failureMessages":[],"meta":{},"tags":[],"benchmarks":[]},{"ancestorTitles":["estoque mesas cozinha recuperacao e estresse"],"fullName":"estoque mesas cozinha recuperacao e estresse REC remontagem offline preserva venda caixa e estoque","status":"passed","title":"REC remontagem offline preserva venda caixa e estoque","duration":5.7824999999998,"failureMessages":[],"meta":{},"tags":[],"benchmarks":[]},{"ancestorTitles":["estoque mesas cozinha recuperacao e estresse"],"fullName":"estoque mesas cozinha recuperacao e estresse CHAOS estresse 500 pedidos no mesmo lote têm IDs e números únicos","status":"passed","title":"CHAOS estresse 500 pedidos no mesmo lote têm IDs e números únicos","duration":1749.0562,"failureMessages":[],"meta":{},"tags":[],"benchmarks":[]},{"ancestorTitles":["estoque mesas cozinha recuperacao e estresse"],"fullName":"estoque mesas cozinha recuperacao e estresse DIA jornada sintética reconcilia caixa após estorno e sangria","status":"passed","title":"DIA jornada sintética reconcilia caixa após estorno e sangria","duration":12.125900000000001,"failureMessages":[],"meta":{},"tags":[],"benchmarks":[]},{"ancestorTitles":["interface pagamento"],"fullName":"interface pagamento UI venda completa pelo PDV registra pagamento e caixa","status":"passed","title":"UI venda completa pelo PDV registra pagamento e caixa","duration":139.28960000000006,"failureMessages":[],"meta":{},"tags":[],"benchmarks":[]},{"ancestorTitles":["interface pagamento"],"fullName":"interface pagamento UI busca produto por HAMBÚRGUER","status":"passed","title":"UI busca produto por HAMBÚRGUER","duration":35.4387999999999,"failureMessages":[],"meta":{},"tags":[],"benchmarks":[]},{"ancestorTitles":["interface pagamento"],"fullName":"interface pagamento UI busca produto por hambúrguer","status":"passed","title":"UI busca produto por hambúrguer","duration":29.274599999999737,"failureMessages":[],"meta":{},"tags":[],"benchmarks":[]},{"ancestorTitles":["interface pagamento"],"fullName":"interface pagamento UI busca produto por hamburguer","status":"passed","title":"UI busca produto por hamburguer","duration":30.371399999999994,"failureMessages":[],"meta":{},"tags":[],"benchmarks":[]},{"ancestorTitles":["interface pagamento"],"fullName":"interface pagamento UI dinheiro insuficiente desabilita confirmação","status":"passed","title":"UI dinheiro insuficiente desabilita confirmação","duration":30.29370000000017,"failureMessages":[],"meta":{},"tags":[],"benchmarks":[]},{"ancestorTitles":["interface pagamento"],"fullName":"interface pagamento CHAOS UI duplo clique 10 confirmações dispara uma operação","status":"passed","title":"CHAOS UI duplo clique 10 confirmações dispara uma operação","duration":30.21309999999994,"failureMessages":[],"meta":{},"tags":[],"benchmarks":[]}],"startTime":1789276664628,"endTime":1789276667022.2131,"status":"passed","message":"","name":"C:/Users/kirit/Desktop/PDV2.0/src/tests/pdv.test.tsx"},{"assertionResults":[{"ancestorTitles":["relatórios e sincronização"],"fullName":"relatórios e sincronização REL só soma recebimentos não estornados e ignora pedidos cancelados","status":"passed","title":"REL só soma recebimentos não estornados e ignora pedidos cancelados","duration":3.4466999999999643,"failureMessages":[],"meta":{},"tags":[],"benchmarks":[]},{"ancestorTitles":["relatórios e sincronização"],"fullName":"relatórios e sincronização CAI conciliação desconta estorno de dinheiro","status":"passed","title":"CAI conciliação desconta estorno de dinheiro","duration":0.5992999999998574,"failureMessages":[],"meta":{},"tags":[],"benchmarks":[]},{"ancestorTitles":["relatórios e sincronização"],"fullName":"relatórios e sincronização SYNC junta pedidos independentes de dois terminais","status":"passed","title":"SYNC junta pedidos independentes de dois terminais","duration":0.9722000000001572,"failureMessages":[],"meta":{},"tags":[],"benchmarks":[]},{"ancestorTitles":["relatórios e sincronização"],"fullName":"relatórios e sincronização SYNC recusa alteração concorrente do mesmo valor","status":"passed","title":"SYNC recusa alteração concorrente do mesmo valor","duration":0.6893999999997504,"failureMessages":[],"meta":{},"tags":[],"benchmarks":[]}],"startTime":1789276664243,"endTime":1789276664249.6895,"status":"passed","message":"","name":"C:/Users/kirit/Desktop/PDV2.0/src/tests/reports-and-sync.test.ts"}]}